mktextfm ecrm1095
mktextfm pplr8t
mktextfm pplro8t
mktextfm pplrc8t
mktextfm pplrc8t
mktextfm pplrc8t
mktextfm pplr8t
mktextfm pplb8t
mktextfm nullfont
mktextfm pplr8t
mktextfm pplb8t
mktextfm nullfont
mktextfm pplr8t
mktextfm pplri8t
mktextfm pplri8t
mktextfm pplb8t
mktextfm nullfont
mktextfm pplr8t
mktextfm pplb8t
mktextfm nullfont
mktextfm pplr8t
mktextfm pplro8t
mktextfm pplbo8t
mktextfm nullfont
mktextfm pplb8t
mktextfm nullfont
mktextfm pplb8t
mktextfm nullfont
mktextfm pplr8t
mktextfm pplri8t
mktextfm pcrr8t
mktextfm pplb8t
mktextfm nullfont
mktextfm pplb8t
mktextfm nullfont
mktextfm pcrb8t
mktextfm nullfont
mktextfm pplr8t
mktextfm pplr8t
mktextfm pplr8t
mktextfm pplrc8t
mktextfm pcrb8t
mktextfm nullfont
mktextfm pcrro8t
mktextfm nullfont
mktextfm pcrbo8t
mktextfm nullfont
mktextfm pplr8t
mktextfm ecrm1095
mktextfm pplr8t
mktextfm pplro8t
mktextfm pplrc8t
mktextfm pplrc8t
mktextfm pplrc8t
mktextfm pplr8t
mktextfm pplb8t
mktextfm nullfont
mktextfm pplr8t
mktextfm pplb8t
mktextfm nullfont
mktextfm pplr8t
mktextfm pplri8t
mktextfm pplri8t
mktextfm pplb8t
mktextfm nullfont
mktextfm pplr8t
mktextfm pplb8t
mktextfm nullfont
mktextfm pplr8t
mktextfm pcrr8t
mktextfm pcrb8t
mktextfm nullfont
mktextfm pplr8t
mktextfm pplro8t
mktextfm pplbo8t
mktextfm nullfont
mktextfm pplb8t
mktextfm nullfont
mktextfm pplb8t
mktextfm nullfont
mktextfm pplri8t
mktextfm pplb8t
mktextfm nullfont
mktextfm pplb8t
mktextfm nullfont
mktextfm pplr8t
mktextfm pplr8t
mktextfm pplr8t
mktextfm pplrc8t
mktextfm pcrb8t
mktextfm nullfont
mktextfm pcrro8t
mktextfm nullfont
mktextfm pcrbo8t
mktextfm nullfont
mktextfm pplr8t
mktextfm ecrm1095
mktextfm ecrm1095
mktextfm ecrm1095
mktextfm ecrm1095
mktextfm pplr7t
mktextfm pplr7t
mktextfm pplrc7t
mktextfm pplrc7t
